<?xml version="1.0" encoding="UTF-8"?>
<!-- Generated by org.testng.reporters.JUnitXMLReporter -->
<testsuite ignored="0" hostname="DESKTOP-9M4ATQT" failures="0" tests="3" name="Default test" time="39.811" errors="0" timestamp="03 Sep 2019 13:12:07 GMT">
  <testcase classname="org.test.login.TestNG.DataPro" name="login" time="37.721"/>
  <testcase classname="org.test.login.TestNG.DataPro" name="login" time="38.242"/>
  <testcase classname="org.test.login.TestNG.DataPro" name="login" time="38.883"/>
</testsuite> <!-- Default test -->
